{"level":"info","message":"Initializing Web3 connections","timestamp":"2025-03-25T10:36:00.030Z"}
{"level":"info","message":"Wallet initialized for network: ethereum","timestamp":"2025-03-25T10:36:00.074Z"}
{"level":"info","message":"Wallet initialized for network: arbitrum","timestamp":"2025-03-25T10:36:00.089Z"}
{"level":"info","message":"Wallet initialized for network: optimism","timestamp":"2025-03-25T10:36:00.102Z"}
{"level":"info","message":"Wallet initialized for network: polygon","timestamp":"2025-03-25T10:36:00.105Z"}
{"level":"info","message":"Wallet initialized for network: base","timestamp":"2025-03-25T10:36:00.108Z"}
{"level":"info","message":"Finding arbitrage opportunities","timestamp":"2025-03-25T10:36:00.109Z"}
{"level":"info","message":"Found 5 LSD tokens available on multiple chains","timestamp":"2025-03-25T10:36:00.110Z"}
{"level":"info","message":"Checking stETH for arbitrage opportunities","timestamp":"2025-03-25T10:36:00.110Z"}
{"level":"info","message":"Getting prices for stETH across chains","timestamp":"2025-03-25T10:36:00.110Z"}
{"level":"info","message":"Getting price for token 0xae7ab96520DE3A18E5e111B5EaAb095312D7fE84 on ethereum","timestamp":"2025-03-25T10:36:00.110Z"}
{"level":"info","message":"stETH price on ethereum: 0.99 ETH / $2970","timestamp":"2025-03-25T10:36:00.114Z"}
{"level":"info","message":"Getting price for token 0x5979D7b546E38E414F7E9822514be443A4800529 on arbitrum","timestamp":"2025-03-25T10:36:00.114Z"}
{"level":"info","message":"stETH price on arbitrum: 0.995 ETH / $2985","timestamp":"2025-03-25T10:36:00.115Z"}
{"level":"info","message":"Getting price for token 0x1F32b1c2345538c0c6f582fCB022739c4A194Ebb on optimism","timestamp":"2025-03-25T10:36:00.115Z"}
{"level":"info","message":"stETH price on optimism: 0.987 ETH / $2961","timestamp":"2025-03-25T10:36:00.115Z"}
{"level":"info","message":"Getting price for token 0xc3864f98f2a61A7cAeb95b039D031b4E2f55e0e9 on base","timestamp":"2025-03-25T10:36:00.115Z"}
{"level":"info","message":"stETH price on base: 0.989 ETH / $2967","timestamp":"2025-03-25T10:36:00.115Z"}
{"level":"info","message":"stETH price difference between ethereum (0.99 ETH) and arbitrum (0.995 ETH): 0.51%","timestamp":"2025-03-25T10:36:00.115Z"}
{"level":"info","message":"Calculating profitability for stETH arbitrage between ethereum and arbitrum","timestamp":"2025-03-25T10:36:00.115Z"}
{"level":"info","message":"Estimating gas cost for swap on ethereum","timestamp":"2025-03-25T10:36:00.117Z"}
{"level":"info","message":"Getting best quote for 5000000000000000000000000000000000000 0x0000000000000000000000000000000000000000 to 0xae7ab96520DE3A18E5e111B5EaAb095312D7fE84 on ethereum","timestamp":"2025-03-25T10:36:00.117Z"}
{"level":"info","message":"Checking quotes from: uniswap, sushiswap, curve, balancer","timestamp":"2025-03-25T10:36:00.117Z"}
{"level":"info","message":"Getting Uniswap quote for 5000000000000000000000000000000000000 0x0000000000000000000000000000000000000000 to 0xae7ab96520DE3A18E5e111B5EaAb095312D7fE84","timestamp":"2025-03-25T10:36:00.123Z"}
{"level":"error","message":"Failed to get Uniswap quote: No liquidity found on Uniswap for this token pair","timestamp":"2025-03-25T10:36:06.766Z"}
{"level":"warn","message":"Failed to get quote from uniswap: No liquidity found on Uniswap for this token pair","timestamp":"2025-03-25T10:36:06.767Z"}
{"level":"info","message":"Getting Sushiswap quote for 5000000000000000000000000000000000000 0x0000000000000000000000000000000000000000 to 0xae7ab96520DE3A18E5e111B5EaAb095312D7fE84","timestamp":"2025-03-25T10:36:06.773Z"}
{"level":"error","message":"Failed to get Sushiswap quote: call revert exception; VM Exception while processing transaction: reverted with reason string \"UniswapV2Library: ZERO_ADDRESS\" [ See: https://links.ethers.org/v5-errors-CALL_EXCEPTION ] (method=\"getAmountsOut(uint256,address[])\", data=\"0x08c379a00000000000000000000000000000000000000000000000000000000000000020000000000000000000000000000000000000000000000000000000000000001e556e697377617056324c6962726172793a205a45524f5f414444524553530000\", errorArgs=[\"UniswapV2Library: ZERO_ADDRESS\"], errorName=\"Error\", errorSignature=\"Error(string)\", reason=\"UniswapV2Library: ZERO_ADDRESS\", code=CALL_EXCEPTION, version=abi/5.7.0)","timestamp":"2025-03-25T10:36:08.679Z"}
{"level":"warn","message":"Failed to get quote from sushiswap: call revert exception; VM Exception while processing transaction: reverted with reason string \"UniswapV2Library: ZERO_ADDRESS\" [ See: https://links.ethers.org/v5-errors-CALL_EXCEPTION ] (method=\"getAmountsOut(uint256,address[])\", data=\"0x08c379a00000000000000000000000000000000000000000000000000000000000000020000000000000000000000000000000000000000000000000000000000000001e556e697377617056324c6962726172793a205a45524f5f414444524553530000\", errorArgs=[\"UniswapV2Library: ZERO_ADDRESS\"], errorName=\"Error\", errorSignature=\"Error(string)\", reason=\"UniswapV2Library: ZERO_ADDRESS\", code=CALL_EXCEPTION, version=abi/5.7.0)","timestamp":"2025-03-25T10:36:08.680Z"}
{"level":"warn","message":"Failed to get quote from curve: Curve connector not implemented yet","timestamp":"2025-03-25T10:36:08.682Z"}
{"level":"warn","message":"Failed to get quote from balancer: Balancer connector not implemented yet","timestamp":"2025-03-25T10:36:08.683Z"}
{"level":"error","message":"Failed to get best quote: No quotes available from any exchange","timestamp":"2025-03-25T10:36:08.684Z"}
{"level":"error","message":"Failed to estimate swap gas cost: No quotes available from any exchange","timestamp":"2025-03-25T10:36:08.684Z"}
{"level":"info","message":"Estimating bridge fee from ethereum to arbitrum for token 0xae7ab96520DE3A18E5e111B5EaAb095312D7fE84","timestamp":"2025-03-25T10:36:08.688Z"}
{"level":"warn","message":"Failed to get Socket Protocol fees, trying Across: bad address checksum (argument=\"address\", value=\"0xD0D936Ab47C15eE0cE2d62602F1bE1Da148F91D5\", code=INVALID_ARGUMENT, version=address/5.7.0)","timestamp":"2025-03-25T10:36:08.694Z"}
{"level":"info","message":"Querying Across API for suggested fees: token=0xae7ab96520DE3A18E5e111B5EaAb095312D7fE84, destinationChainId=42161, amount=5025252525252525252525252525252525252","timestamp":"2025-03-25T10:36:08.695Z"}
{"level":"error","message":"Error querying Across API: axios is not defined","timestamp":"2025-03-25T10:36:08.695Z"}
{"level":"info","message":"Using fallback fee amount: 25126262626262626.262626262626262626 ETH","timestamp":"2025-03-25T10:36:08.697Z"}
{"level":"error","message":"Failed to calculate profitability: invalid BigNumber value (argument=\"value\", value={\"feeAmount\":{\"type\":\"BigNumber\",\"hex\":\"0x04d6d2053e5c33c70efdb190cede62\"},\"relayerFeePct\":\"5000000000000000\",\"quoteTimestamp\":1742898968}, code=INVALID_ARGUMENT, version=bignumber/5.7.0)","timestamp":"2025-03-25T10:36:08.699Z"}
{"level":"info","message":"Arbitrage opportunity for stETH between ethereum and arbitrum is not profitable","timestamp":"2025-03-25T10:36:08.699Z"}
{"level":"info","message":"Reason: Error: invalid BigNumber value (argument=\"value\", value={\"feeAmount\":{\"type\":\"BigNumber\",\"hex\":\"0x04d6d2053e5c33c70efdb190cede62\"},\"relayerFeePct\":\"5000000000000000\",\"quoteTimestamp\":1742898968}, code=INVALID_ARGUMENT, version=bignumber/5.7.0)","timestamp":"2025-03-25T10:36:08.700Z"}
{"level":"info","message":"stETH price difference between ethereum (0.99 ETH) and optimism (0.987 ETH): -0.30%","timestamp":"2025-03-25T10:36:08.700Z"}
{"level":"info","message":"stETH price difference between ethereum (0.99 ETH) and base (0.989 ETH): -0.10%","timestamp":"2025-03-25T10:36:08.700Z"}
{"level":"info","message":"stETH price difference between arbitrum (0.995 ETH) and optimism (0.987 ETH): -0.80%","timestamp":"2025-03-25T10:36:08.700Z"}
{"level":"info","message":"Calculating profitability for stETH arbitrage between optimism and arbitrum","timestamp":"2025-03-25T10:36:08.700Z"}
{"level":"info","message":"Estimating gas cost for swap on optimism","timestamp":"2025-03-25T10:36:08.701Z"}
{"level":"info","message":"Getting best quote for 5000000000000000000000000000000000000 0x0000000000000000000000000000000000000000 to 0x1F32b1c2345538c0c6f582fCB022739c4A194Ebb on optimism","timestamp":"2025-03-25T10:36:08.701Z"}
{"level":"info","message":"Checking quotes from: uniswap, sushiswap, curve, balancer","timestamp":"2025-03-25T10:36:08.701Z"}
{"level":"info","message":"Getting Uniswap quote for 5000000000000000000000000000000000000 0x0000000000000000000000000000000000000000 to 0x1F32b1c2345538c0c6f582fCB022739c4A194Ebb","timestamp":"2025-03-25T10:36:08.705Z"}
{"level":"error","message":"Failed to get Uniswap quote: No liquidity found on Uniswap for this token pair","timestamp":"2025-03-25T10:36:14.058Z"}
{"level":"warn","message":"Failed to get quote from uniswap: No liquidity found on Uniswap for this token pair","timestamp":"2025-03-25T10:36:14.058Z"}
{"level":"info","message":"Getting Sushiswap quote for 5000000000000000000000000000000000000 0x0000000000000000000000000000000000000000 to 0x1F32b1c2345538c0c6f582fCB022739c4A194Ebb","timestamp":"2025-03-25T10:36:14.060Z"}
{"level":"error","message":"Failed to get Sushiswap quote: missing revert data in call exception; Transaction reverted without a reason string [ See: https://links.ethers.org/v5-errors-CALL_EXCEPTION ] (data=\"0x\", transaction={\"to\":\"0x1b02dA8Cb0d097eB8D57A175b88c7D8b47997506\",\"data\":\"0xd06ca61f0000000000000000000000000000000003c2f7086aed236c807a1b50000000000000000000000000000000000000000000000000000000000000000000000040000000000000000000000000000000000000000000000000000000000000000200000000000000000000000000000000000000000000000000000000000000000000000000000000000000001f32b1c2345538c0c6f582fcb022739c4a194ebb\",\"accessList\":null}, error={\"reason\":\"processing response error\",\"code\":\"SERVER_ERROR\",\"body\":\"{\\\"jsonrpc\\\":\\\"2.0\\\",\\\"error\\\":{\\\"code\\\":-32000,\\\"message\\\":\\\"execution reverted\\\"},\\\"id\\\":50}\\n\",\"error\":{\"code\":-32000},\"requestBody\":\"{\\\"method\\\":\\\"eth_call\\\",\\\"params\\\":[{\\\"to\\\":\\\"0x1b02da8cb0d097eb8d57a175b88c7d8b47997506\\\",\\\"data\\\":\\\"0xd06ca61f0000000000000000000000000000000003c2f7086aed236c807a1b50000000000000000000000000000000000000000000000000000000000000000000000040000000000000000000000000000000000000000000000000000000000000000200000000000000000000000000000000000000000000000000000000000000000000000000000000000000001f32b1c2345538c0c6f582fcb022739c4a194ebb\\\"},\\\"latest\\\"],\\\"id\\\":50,\\\"jsonrpc\\\":\\\"2.0\\\"}\",\"requestMethod\":\"POST\",\"url\":\"https://mainnet.optimism.io\"}, code=CALL_EXCEPTION, version=providers/5.7.2)","timestamp":"2025-03-25T10:36:16.702Z"}
{"level":"warn","message":"Failed to get quote from sushiswap: missing revert data in call exception; Transaction reverted without a reason string [ See: https://links.ethers.org/v5-errors-CALL_EXCEPTION ] (data=\"0x\", transaction={\"to\":\"0x1b02dA8Cb0d097eB8D57A175b88c7D8b47997506\",\"data\":\"0xd06ca61f0000000000000000000000000000000003c2f7086aed236c807a1b50000000000000000000000000000000000000000000000000000000000000000000000040000000000000000000000000000000000000000000000000000000000000000200000000000000000000000000000000000000000000000000000000000000000000000000000000000000001f32b1c2345538c0c6f582fcb022739c4a194ebb\",\"accessList\":null}, error={\"reason\":\"processing response error\",\"code\":\"SERVER_ERROR\",\"body\":\"{\\\"jsonrpc\\\":\\\"2.0\\\",\\\"error\\\":{\\\"code\\\":-32000,\\\"message\\\":\\\"execution reverted\\\"},\\\"id\\\":50}\\n\",\"error\":{\"code\":-32000},\"requestBody\":\"{\\\"method\\\":\\\"eth_call\\\",\\\"params\\\":[{\\\"to\\\":\\\"0x1b02da8cb0d097eb8d57a175b88c7d8b47997506\\\",\\\"data\\\":\\\"0xd06ca61f0000000000000000000000000000000003c2f7086aed236c807a1b50000000000000000000000000000000000000000000000000000000000000000000000040000000000000000000000000000000000000000000000000000000000000000200000000000000000000000000000000000000000000000000000000000000000000000000000000000000001f32b1c2345538c0c6f582fcb022739c4a194ebb\\\"},\\\"latest\\\"],\\\"id\\\":50,\\\"jsonrpc\\\":\\\"2.0\\\"}\",\"requestMethod\":\"POST\",\"url\":\"https://mainnet.optimism.io\"}, code=CALL_EXCEPTION, version=providers/5.7.2)","timestamp":"2025-03-25T10:36:16.702Z"}
{"level":"warn","message":"Failed to get quote from curve: Curve connector not implemented yet","timestamp":"2025-03-25T10:36:16.702Z"}
{"level":"warn","message":"Failed to get quote from balancer: Balancer connector not implemented yet","timestamp":"2025-03-25T10:36:16.702Z"}
{"level":"error","message":"Failed to get best quote: No quotes available from any exchange","timestamp":"2025-03-25T10:36:16.702Z"}
{"level":"error","message":"Failed to estimate swap gas cost: No quotes available from any exchange","timestamp":"2025-03-25T10:36:16.702Z"}
{"level":"info","message":"Estimating bridge fee from optimism to arbitrum for token 0x1F32b1c2345538c0c6f582fCB022739c4A194Ebb","timestamp":"2025-03-25T10:36:16.703Z"}
{"level":"warn","message":"Failed to get Socket Protocol fees, trying Across: bad address checksum (argument=\"address\", value=\"0x6FFe4516CABB731DE61E31fB3bcd6fF8740d9d98\", code=INVALID_ARGUMENT, version=address/5.7.0)","timestamp":"2025-03-25T10:36:16.706Z"}
{"level":"info","message":"Querying Across API for suggested fees: token=0x1F32b1c2345538c0c6f582fCB022739c4A194Ebb, destinationChainId=42161, amount=5040526849037487335359675785207700101","timestamp":"2025-03-25T10:36:16.706Z"}
{"level":"error","message":"Error querying Across API: axios is not defined","timestamp":"2025-03-25T10:36:16.706Z"}
{"level":"info","message":"Using fallback fee amount: 25202634245187436.6767983789260385 ETH","timestamp":"2025-03-25T10:36:16.707Z"}
{"level":"error","message":"Failed to calculate profitability: invalid BigNumber value (argument=\"value\", value={\"feeAmount\":{\"type\":\"BigNumber\",\"hex\":\"0x04da95f740e25180dae71f0aa25de4\"},\"relayerFeePct\":\"5000000000000000\",\"quoteTimestamp\":1742898976}, code=INVALID_ARGUMENT, version=bignumber/5.7.0)","timestamp":"2025-03-25T10:36:16.707Z"}
{"level":"info","message":"Arbitrage opportunity for stETH between optimism and arbitrum is not profitable","timestamp":"2025-03-25T10:36:16.707Z"}
{"level":"info","message":"Reason: Error: invalid BigNumber value (argument=\"value\", value={\"feeAmount\":{\"type\":\"BigNumber\",\"hex\":\"0x04da95f740e25180dae71f0aa25de4\"},\"relayerFeePct\":\"5000000000000000\",\"quoteTimestamp\":1742898976}, code=INVALID_ARGUMENT, version=bignumber/5.7.0)","timestamp":"2025-03-25T10:36:16.707Z"}
{"level":"info","message":"stETH price difference between arbitrum (0.995 ETH) and base (0.989 ETH): -0.60%","timestamp":"2025-03-25T10:36:16.707Z"}
{"level":"info","message":"Calculating profitability for stETH arbitrage between base and arbitrum","timestamp":"2025-03-25T10:36:16.707Z"}
{"level":"info","message":"Estimating gas cost for swap on base","timestamp":"2025-03-25T10:36:16.707Z"}
{"level":"info","message":"Getting best quote for 5000000000000000000000000000000000000 0x0000000000000000000000000000000000000000 to 0xc3864f98f2a61A7cAeb95b039D031b4E2f55e0e9 on base","timestamp":"2025-03-25T10:36:16.707Z"}
{"level":"info","message":"Checking quotes from: uniswap, sushiswap, curve, balancer","timestamp":"2025-03-25T10:36:16.708Z"}
{"level":"info","message":"Getting Uniswap quote for 5000000000000000000000000000000000000 0x0000000000000000000000000000000000000000 to 0xc3864f98f2a61A7cAeb95b039D031b4E2f55e0e9","timestamp":"2025-03-25T10:36:16.709Z"}
{"level":"error","message":"Failed to get Uniswap quote: No liquidity found on Uniswap for this token pair","timestamp":"2025-03-25T10:36:18.616Z"}
{"level":"warn","message":"Failed to get quote from uniswap: No liquidity found on Uniswap for this token pair","timestamp":"2025-03-25T10:36:18.617Z"}
{"level":"info","message":"Getting Sushiswap quote for 5000000000000000000000000000000000000 0x0000000000000000000000000000000000000000 to 0xc3864f98f2a61A7cAeb95b039D031b4E2f55e0e9","timestamp":"2025-03-25T10:36:18.620Z"}
{"level":"error","message":"Failed to get Sushiswap quote: missing revert data in call exception; Transaction reverted without a reason string [ See: https://links.ethers.org/v5-errors-CALL_EXCEPTION ] (data=\"0x\", transaction={\"to\":\"0x1b02dA8Cb0d097eB8D57A175b88c7D8b47997506\",\"data\":\"0xd06ca61f0000000000000000000000000000000003c2f7086aed236c807a1b5000000000000000000000000000000000000000000000000000000000000000000000004000000000000000000000000000000000000000000000000000000000000000020000000000000000000000000000000000000000000000000000000000000000000000000000000000000000c3864f98f2a61a7caeb95b039d031b4e2f55e0e9\",\"accessList\":null}, error={\"reason\":\"processing response error\",\"code\":\"SERVER_ERROR\",\"body\":\"{\\\"jsonrpc\\\":\\\"2.0\\\",\\\"error\\\":{\\\"code\\\":-32000,\\\"message\\\":\\\"execution reverted\\\"},\\\"id\\\":50}\\n\",\"error\":{\"code\":-32000},\"requestBody\":\"{\\\"method\\\":\\\"eth_call\\\",\\\"params\\\":[{\\\"to\\\":\\\"0x1b02da8cb0d097eb8d57a175b88c7d8b47997506\\\",\\\"data\\\":\\\"0xd06ca61f0000000000000000000000000000000003c2f7086aed236c807a1b5000000000000000000000000000000000000000000000000000000000000000000000004000000000000000000000000000000000000000000000000000000000000000020000000000000000000000000000000000000000000000000000000000000000000000000000000000000000c3864f98f2a61a7caeb95b039d031b4e2f55e0e9\\\"},\\\"latest\\\"],\\\"id\\\":50,\\\"jsonrpc\\\":\\\"2.0\\\"}\",\"requestMethod\":\"POST\",\"url\":\"https://mainnet.base.org\"}, code=CALL_EXCEPTION, version=providers/5.7.2)","timestamp":"2025-03-25T10:36:19.208Z"}
{"level":"warn","message":"Failed to get quote from sushiswap: missing revert data in call exception; Transaction reverted without a reason string [ See: https://links.ethers.org/v5-errors-CALL_EXCEPTION ] (data=\"0x\", transaction={\"to\":\"0x1b02dA8Cb0d097eB8D57A175b88c7D8b47997506\",\"data\":\"0xd06ca61f0000000000000000000000000000000003c2f7086aed236c807a1b5000000000000000000000000000000000000000000000000000000000000000000000004000000000000000000000000000000000000000000000000000000000000000020000000000000000000000000000000000000000000000000000000000000000000000000000000000000000c3864f98f2a61a7caeb95b039d031b4e2f55e0e9\",\"accessList\":null}, error={\"reason\":\"processing response error\",\"code\":\"SERVER_ERROR\",\"body\":\"{\\\"jsonrpc\\\":\\\"2.0\\\",\\\"error\\\":{\\\"code\\\":-32000,\\\"message\\\":\\\"execution reverted\\\"},\\\"id\\\":50}\\n\",\"error\":{\"code\":-32000},\"requestBody\":\"{\\\"method\\\":\\\"eth_call\\\",\\\"params\\\":[{\\\"to\\\":\\\"0x1b02da8cb0d097eb8d57a175b88c7d8b47997506\\\",\\\"data\\\":\\\"0xd06ca61f0000000000000000000000000000000003c2f7086aed236c807a1b5000000000000000000000000000000000000000000000000000000000000000000000004000000000000000000000000000000000000000000000000000000000000000020000000000000000000000000000000000000000000000000000000000000000000000000000000000000000c3864f98f2a61a7caeb95b039d031b4e2f55e0e9\\\"},\\\"latest\\\"],\\\"id\\\":50,\\\"jsonrpc\\\":\\\"2.0\\\"}\",\"requestMethod\":\"POST\",\"url\":\"https://mainnet.base.org\"}, code=CALL_EXCEPTION, version=providers/5.7.2)","timestamp":"2025-03-25T10:36:19.208Z"}
{"level":"warn","message":"Failed to get quote from curve: Curve connector not implemented yet","timestamp":"2025-03-25T10:36:19.208Z"}
{"level":"warn","message":"Failed to get quote from balancer: Balancer connector not implemented yet","timestamp":"2025-03-25T10:36:19.208Z"}
{"level":"error","message":"Failed to get best quote: No quotes available from any exchange","timestamp":"2025-03-25T10:36:19.208Z"}
{"level":"error","message":"Failed to estimate swap gas cost: No quotes available from any exchange","timestamp":"2025-03-25T10:36:19.208Z"}
{"level":"info","message":"Estimating bridge fee from base to arbitrum for token 0xc3864f98f2a61A7cAeb95b039D031b4E2f55e0e9","timestamp":"2025-03-25T10:36:19.209Z"}
{"level":"warn","message":"Failed to get Socket Protocol fees, trying Across: bad address checksum (argument=\"address\", value=\"0x43e26600B91C1C9F5aD42FD9C5f93f2C4E23F4A8\", code=INVALID_ARGUMENT, version=address/5.7.0)","timestamp":"2025-03-25T10:36:19.210Z"}
{"level":"info","message":"Querying Across API for suggested fees: token=0xc3864f98f2a61A7cAeb95b039D031b4E2f55e0e9, destinationChainId=42161, amount=5030333670374115267947421638018200202","timestamp":"2025-03-25T10:36:19.210Z"}
{"level":"error","message":"Error querying Across API: axios is not defined","timestamp":"2025-03-25T10:36:19.210Z"}
{"level":"info","message":"Using fallback fee amount: 25151668351870576.339737108190091001 ETH","timestamp":"2025-03-25T10:36:19.211Z"}
{"level":"error","message":"Failed to calculate profitability: invalid BigNumber value (argument=\"value\", value={\"feeAmount\":{\"type\":\"BigNumber\",\"hex\":\"0x04d812af9207e9482a71a7a67056f9\"},\"relayerFeePct\":\"5000000000000000\",\"quoteTimestamp\":1742898979}, code=INVALID_ARGUMENT, version=bignumber/5.7.0)","timestamp":"2025-03-25T10:36:19.211Z"}
{"level":"info","message":"Arbitrage opportunity for stETH between base and arbitrum is not profitable","timestamp":"2025-03-25T10:36:19.211Z"}
{"level":"info","message":"Reason: Error: invalid BigNumber value (argument=\"value\", value={\"feeAmount\":{\"type\":\"BigNumber\",\"hex\":\"0x04d812af9207e9482a71a7a67056f9\"},\"relayerFeePct\":\"5000000000000000\",\"quoteTimestamp\":1742898979}, code=INVALID_ARGUMENT, version=bignumber/5.7.0)","timestamp":"2025-03-25T10:36:19.211Z"}
{"level":"info","message":"stETH price difference between optimism (0.987 ETH) and base (0.989 ETH): 0.20%","timestamp":"2025-03-25T10:36:19.211Z"}
{"level":"info","message":"Checking rETH for arbitrage opportunities","timestamp":"2025-03-25T10:36:19.211Z"}
{"level":"info","message":"Getting prices for rETH across chains","timestamp":"2025-03-25T10:36:19.211Z"}
{"level":"info","message":"Getting price for token 0xae78736Cd615f374D3085123A210448E74Fc6393 on ethereum","timestamp":"2025-03-25T10:36:19.211Z"}
{"level":"info","message":"rETH price on ethereum: 1.04 ETH / $3120","timestamp":"2025-03-25T10:36:19.211Z"}
{"level":"info","message":"Getting price for token 0xEC70Dcb4A1EFa46b8F2D97C310C9c4790ba5ffA8 on arbitrum","timestamp":"2025-03-25T10:36:19.211Z"}
{"level":"info","message":"rETH price on arbitrum: 1.045 ETH / $3135","timestamp":"2025-03-25T10:36:19.211Z"}
{"level":"info","message":"Getting price for token 0x9Bcef72be871e61ED4fBbc7630889beE758eb81D on optimism","timestamp":"2025-03-25T10:36:19.211Z"}
{"level":"info","message":"rETH price on optimism: 1.0370000000000001 ETH / $3111.0000000000005","timestamp":"2025-03-25T10:36:19.212Z"}
{"level":"info","message":"Getting price for token 0xB6fe221Fe9EeF5aBa221c348bA20A1Bf5e73624c on base","timestamp":"2025-03-25T10:36:19.212Z"}
{"level":"info","message":"rETH price on base: 1.0390000000000001 ETH / $3117.0000000000005","timestamp":"2025-03-25T10:36:19.212Z"}
{"level":"info","message":"rETH price difference between ethereum (1.04 ETH) and arbitrum (1.045 ETH): 0.48%","timestamp":"2025-03-25T10:36:19.214Z"}
{"level":"info","message":"rETH price difference between ethereum (1.04 ETH) and optimism (1.0370000000000001 ETH): -0.29%","timestamp":"2025-03-25T10:36:19.214Z"}
{"level":"info","message":"rETH price difference between ethereum (1.04 ETH) and base (1.0390000000000001 ETH): -0.10%","timestamp":"2025-03-25T10:36:19.215Z"}
{"level":"info","message":"rETH price difference between arbitrum (1.045 ETH) and optimism (1.0370000000000001 ETH): -0.77%","timestamp":"2025-03-25T10:36:19.215Z"}
{"level":"info","message":"Calculating profitability for rETH arbitrage between optimism and arbitrum","timestamp":"2025-03-25T10:36:19.215Z"}
{"level":"info","message":"Estimating gas cost for swap on optimism","timestamp":"2025-03-25T10:36:19.215Z"}
{"level":"info","message":"Getting best quote for 5000000000000000000000000000000000000 0x0000000000000000000000000000000000000000 to 0x9Bcef72be871e61ED4fBbc7630889beE758eb81D on optimism","timestamp":"2025-03-25T10:36:19.215Z"}
{"level":"info","message":"Checking quotes from: uniswap, sushiswap, curve, balancer","timestamp":"2025-03-25T10:36:19.215Z"}
{"level":"info","message":"Getting Uniswap quote for 5000000000000000000000000000000000000 0x0000000000000000000000000000000000000000 to 0x9Bcef72be871e61ED4fBbc7630889beE758eb81D","timestamp":"2025-03-25T10:36:19.216Z"}
{"level":"error","message":"Failed to get Uniswap quote: No liquidity found on Uniswap for this token pair","timestamp":"2025-03-25T10:36:25.588Z"}
{"level":"warn","message":"Failed to get quote from uniswap: No liquidity found on Uniswap for this token pair","timestamp":"2025-03-25T10:36:25.588Z"}
{"level":"info","message":"Getting Sushiswap quote for 5000000000000000000000000000000000000 0x0000000000000000000000000000000000000000 to 0x9Bcef72be871e61ED4fBbc7630889beE758eb81D","timestamp":"2025-03-25T10:36:25.590Z"}
{"level":"error","message":"Failed to get Sushiswap quote: missing revert data in call exception; Transaction reverted without a reason string [ See: https://links.ethers.org/v5-errors-CALL_EXCEPTION ] (data=\"0x\", transaction={\"to\":\"0x1b02dA8Cb0d097eB8D57A175b88c7D8b47997506\",\"data\":\"0xd06ca61f0000000000000000000000000000000003c2f7086aed236c807a1b50000000000000000000000000000000000000000000000000000000000000000000000040000000000000000000000000000000000000000000000000000000000000000200000000000000000000000000000000000000000000000000000000000000000000000000000000000000009bcef72be871e61ed4fbbc7630889bee758eb81d\",\"accessList\":null}, error={\"reason\":\"bad response\",\"code\":\"SERVER_ERROR\",\"status\":503,\"headers\":{\"content-length\":\"111\",\"content-type\":\"application/json\",\"date\":\"Tue, 25 Mar 2025 10:36:28 GMT\",\"set-cookie\":\"lb1=edge-proxyd-mainnet-proxyd-ankr-http; Path=/\",\"vary\":\"Origin\",\"x-proxyd-cache-status\":\"MISS\",\"via\":\"1.1 google\",\"alt-svc\":\"h3=\\\":443\\\"; ma=2592000,h3-29=\\\":443\\\"; ma=2592000\",\"connection\":\"close\"},\"body\":\"{\\\"jsonrpc\\\":\\\"2.0\\\",\\\"error\\\":{\\\"code\\\":-32011,\\\"message\\\":\\\"no backend is currently healthy to serve traffic\\\"},\\\"id\\\":58}\\n\",\"requestBody\":\"{\\\"method\\\":\\\"eth_call\\\",\\\"params\\\":[{\\\"to\\\":\\\"0x1b02da8cb0d097eb8d57a175b88c7d8b47997506\\\",\\\"data\\\":\\\"0xd06ca61f0000000000000000000000000000000003c2f7086aed236c807a1b50000000000000000000000000000000000000000000000000000000000000000000000040000000000000000000000000000000000000000000000000000000000000000200000000000000000000000000000000000000000000000000000000000000000000000000000000000000009bcef72be871e61ed4fbbc7630889bee758eb81d\\\"},\\\"latest\\\"],\\\"id\\\":58,\\\"jsonrpc\\\":\\\"2.0\\\"}\",\"requestMethod\":\"POST\",\"url\":\"https://mainnet.optimism.io\"}, code=CALL_EXCEPTION, version=providers/5.7.2)","timestamp":"2025-03-25T10:36:28.562Z"}
{"level":"warn","message":"Failed to get quote from sushiswap: missing revert data in call exception; Transaction reverted without a reason string [ See: https://links.ethers.org/v5-errors-CALL_EXCEPTION ] (data=\"0x\", transaction={\"to\":\"0x1b02dA8Cb0d097eB8D57A175b88c7D8b47997506\",\"data\":\"0xd06ca61f0000000000000000000000000000000003c2f7086aed236c807a1b50000000000000000000000000000000000000000000000000000000000000000000000040000000000000000000000000000000000000000000000000000000000000000200000000000000000000000000000000000000000000000000000000000000000000000000000000000000009bcef72be871e61ed4fbbc7630889bee758eb81d\",\"accessList\":null}, error={\"reason\":\"bad response\",\"code\":\"SERVER_ERROR\",\"status\":503,\"headers\":{\"content-length\":\"111\",\"content-type\":\"application/json\",\"date\":\"Tue, 25 Mar 2025 10:36:28 GMT\",\"set-cookie\":\"lb1=edge-proxyd-mainnet-proxyd-ankr-http; Path=/\",\"vary\":\"Origin\",\"x-proxyd-cache-status\":\"MISS\",\"via\":\"1.1 google\",\"alt-svc\":\"h3=\\\":443\\\"; ma=2592000,h3-29=\\\":443\\\"; ma=2592000\",\"connection\":\"close\"},\"body\":\"{\\\"jsonrpc\\\":\\\"2.0\\\",\\\"error\\\":{\\\"code\\\":-32011,\\\"message\\\":\\\"no backend is currently healthy to serve traffic\\\"},\\\"id\\\":58}\\n\",\"requestBody\":\"{\\\"method\\\":\\\"eth_call\\\",\\\"params\\\":[{\\\"to\\\":\\\"0x1b02da8cb0d097eb8d57a175b88c7d8b47997506\\\",\\\"data\\\":\\\"0xd06ca61f0000000000000000000000000000000003c2f7086aed236c807a1b50000000000000000000000000000000000000000000000000000000000000000000000040000000000000000000000000000000000000000000000000000000000000000200000000000000000000000000000000000000000000000000000000000000000000000000000000000000009bcef72be871e61ed4fbbc7630889bee758eb81d\\\"},\\\"latest\\\"],\\\"id\\\":58,\\\"jsonrpc\\\":\\\"2.0\\\"}\",\"requestMethod\":\"POST\",\"url\":\"https://mainnet.optimism.io\"}, code=CALL_EXCEPTION, version=providers/5.7.2)","timestamp":"2025-03-25T10:36:28.562Z"}
{"level":"warn","message":"Failed to get quote from curve: Curve connector not implemented yet","timestamp":"2025-03-25T10:36:28.563Z"}
{"level":"warn","message":"Failed to get quote from balancer: Balancer connector not implemented yet","timestamp":"2025-03-25T10:36:28.563Z"}
{"level":"error","message":"Failed to get best quote: No quotes available from any exchange","timestamp":"2025-03-25T10:36:28.563Z"}
{"level":"error","message":"Failed to estimate swap gas cost: No quotes available from any exchange","timestamp":"2025-03-25T10:36:28.564Z"}
{"level":"info","message":"Estimating bridge fee from optimism to arbitrum for token 0x9Bcef72be871e61ED4fBbc7630889beE758eb81D","timestamp":"2025-03-25T10:36:28.565Z"}
{"level":"warn","message":"Failed to get Socket Protocol fees, trying Across: bad address checksum (argument=\"address\", value=\"0x6FFe4516CABB731DE61E31fB3bcd6fF8740d9d98\", code=INVALID_ARGUMENT, version=address/5.7.0)","timestamp":"2025-03-25T10:36:28.568Z"}
{"level":"info","message":"Querying Across API for suggested fees: token=0x9Bcef72be871e61ED4fBbc7630889beE758eb81D, destinationChainId=42161, amount=4797492767598842353182953944181065266","timestamp":"2025-03-25T10:36:28.569Z"}
{"level":"error","message":"Error querying Across API: axios is not defined","timestamp":"2025-03-25T10:36:28.569Z"}
{"level":"info","message":"Using fallback fee amount: 23987463837994211.765914769720905326 ETH","timestamp":"2025-03-25T10:36:28.570Z"}
{"level":"error","message":"Failed to calculate profitability: invalid BigNumber value (argument=\"value\", value={\"feeAmount\":{\"type\":\"BigNumber\",\"hex\":\"0x049eac5be71b0c0758caebef1c8e6e\"},\"relayerFeePct\":\"5000000000000000\",\"quoteTimestamp\":1742898988}, code=INVALID_ARGUMENT, version=bignumber/5.7.0)","timestamp":"2025-03-25T10:36:28.571Z"}
{"level":"info","message":"Arbitrage opportunity for rETH between optimism and arbitrum is not profitable","timestamp":"2025-03-25T10:36:28.571Z"}
{"level":"info","message":"Reason: Error: invalid BigNumber value (argument=\"value\", value={\"feeAmount\":{\"type\":\"BigNumber\",\"hex\":\"0x049eac5be71b0c0758caebef1c8e6e\"},\"relayerFeePct\":\"5000000000000000\",\"quoteTimestamp\":1742898988}, code=INVALID_ARGUMENT, version=bignumber/5.7.0)","timestamp":"2025-03-25T10:36:28.571Z"}
{"level":"info","message":"rETH price difference between arbitrum (1.045 ETH) and base (1.0390000000000001 ETH): -0.57%","timestamp":"2025-03-25T10:36:28.571Z"}
{"level":"info","message":"Calculating profitability for rETH arbitrage between base and arbitrum","timestamp":"2025-03-25T10:36:28.572Z"}
{"level":"info","message":"Estimating gas cost for swap on base","timestamp":"2025-03-25T10:36:28.572Z"}
{"level":"info","message":"Getting best quote for 5000000000000000000000000000000000000 0x0000000000000000000000000000000000000000 to 0xB6fe221Fe9EeF5aBa221c348bA20A1Bf5e73624c on base","timestamp":"2025-03-25T10:36:28.572Z"}
{"level":"info","message":"Checking quotes from: uniswap, sushiswap, curve, balancer","timestamp":"2025-03-25T10:36:28.573Z"}
{"level":"info","message":"Getting Uniswap quote for 5000000000000000000000000000000000000 0x0000000000000000000000000000000000000000 to 0xB6fe221Fe9EeF5aBa221c348bA20A1Bf5e73624c","timestamp":"2025-03-25T10:36:28.575Z"}
{"level":"error","message":"Failed to get Uniswap quote: No liquidity found on Uniswap for this token pair","timestamp":"2025-03-25T10:36:30.554Z"}
{"level":"warn","message":"Failed to get quote from uniswap: No liquidity found on Uniswap for this token pair","timestamp":"2025-03-25T10:36:30.555Z"}
{"level":"info","message":"Getting Sushiswap quote for 5000000000000000000000000000000000000 0x0000000000000000000000000000000000000000 to 0xB6fe221Fe9EeF5aBa221c348bA20A1Bf5e73624c","timestamp":"2025-03-25T10:36:30.562Z"}
{"level":"error","message":"Failed to get Sushiswap quote: missing revert data in call exception; Transaction reverted without a reason string [ See: https://links.ethers.org/v5-errors-CALL_EXCEPTION ] (data=\"0x\", transaction={\"to\":\"0x1b02dA8Cb0d097eB8D57A175b88c7D8b47997506\",\"data\":\"0xd06ca61f0000000000000000000000000000000003c2f7086aed236c807a1b5000000000000000000000000000000000000000000000000000000000000000000000004000000000000000000000000000000000000000000000000000000000000000020000000000000000000000000000000000000000000000000000000000000000000000000000000000000000b6fe221fe9eef5aba221c348ba20a1bf5e73624c\",\"accessList\":null}, error={\"reason\":\"processing response error\",\"code\":\"SERVER_ERROR\",\"body\":\"{\\\"jsonrpc\\\":\\\"2.0\\\",\\\"error\\\":{\\\"code\\\":-32000,\\\"message\\\":\\\"execution reverted\\\"},\\\"id\\\":58}\\n\",\"error\":{\"code\":-32000},\"requestBody\":\"{\\\"method\\\":\\\"eth_call\\\",\\\"params\\\":[{\\\"to\\\":\\\"0x1b02da8cb0d097eb8d57a175b88c7d8b47997506\\\",\\\"data\\\":\\\"0xd06ca61f0000000000000000000000000000000003c2f7086aed236c807a1b5000000000000000000000000000000000000000000000000000000000000000000000004000000000000000000000000000000000000000000000000000000000000000020000000000000000000000000000000000000000000000000000000000000000000000000000000000000000b6fe221fe9eef5aba221c348ba20a1bf5e73624c\\\"},\\\"latest\\\"],\\\"id\\\":58,\\\"jsonrpc\\\":\\\"2.0\\\"}\",\"requestMethod\":\"POST\",\"url\":\"https://mainnet.base.org\"}, code=CALL_EXCEPTION, version=providers/5.7.2)","timestamp":"2025-03-25T10:36:31.216Z"}
{"level":"warn","message":"Failed to get quote from sushiswap: missing revert data in call exception; Transaction reverted without a reason string [ See: https://links.ethers.org/v5-errors-CALL_EXCEPTION ] (data=\"0x\", transaction={\"to\":\"0x1b02dA8Cb0d097eB8D57A175b88c7D8b47997506\",\"data\":\"0xd06ca61f0000000000000000000000000000000003c2f7086aed236c807a1b5000000000000000000000000000000000000000000000000000000000000000000000004000000000000000000000000000000000000000000000000000000000000000020000000000000000000000000000000000000000000000000000000000000000000000000000000000000000b6fe221fe9eef5aba221c348ba20a1bf5e73624c\",\"accessList\":null}, error={\"reason\":\"processing response error\",\"code\":\"SERVER_ERROR\",\"body\":\"{\\\"jsonrpc\\\":\\\"2.0\\\",\\\"error\\\":{\\\"code\\\":-32000,\\\"message\\\":\\\"execution reverted\\\"},\\\"id\\\":58}\\n\",\"error\":{\"code\":-32000},\"requestBody\":\"{\\\"method\\\":\\\"eth_call\\\",\\\"params\\\":[{\\\"to\\\":\\\"0x1b02da8cb0d097eb8d57a175b88c7d8b47997506\\\",\\\"data\\\":\\\"0xd06ca61f0000000000000000000000000000000003c2f7086aed236c807a1b5000000000000000000000000000000000000000000000000000000000000000000000004000000000000000000000000000000000000000000000000000000000000000020000000000000000000000000000000000000000000000000000000000000000000000000000000000000000b6fe221fe9eef5aba221c348ba20a1bf5e73624c\\\"},\\\"latest\\\"],\\\"id\\\":58,\\\"jsonrpc\\\":\\\"2.0\\\"}\",\"requestMethod\":\"POST\",\"url\":\"https://mainnet.base.org\"}, code=CALL_EXCEPTION, version=providers/5.7.2)","timestamp":"2025-03-25T10:36:31.217Z"}
{"level":"warn","message":"Failed to get quote from curve: Curve connector not implemented yet","timestamp":"2025-03-25T10:36:31.218Z"}
{"level":"warn","message":"Failed to get quote from balancer: Balancer connector not implemented yet","timestamp":"2025-03-25T10:36:31.218Z"}
{"level":"error","message":"Failed to get best quote: No quotes available from any exchange","timestamp":"2025-03-25T10:36:31.218Z"}
{"level":"error","message":"Failed to estimate swap gas cost: No quotes available from any exchange","timestamp":"2025-03-25T10:36:31.219Z"}
{"level":"info","message":"Estimating bridge fee from base to arbitrum for token 0xB6fe221Fe9EeF5aBa221c348bA20A1Bf5e73624c","timestamp":"2025-03-25T10:36:31.220Z"}
{"level":"warn","message":"Failed to get Socket Protocol fees, trying Across: bad address checksum (argument=\"address\", value=\"0x43e26600B91C1C9F5aD42FD9C5f93f2C4E23F4A8\", code=INVALID_ARGUMENT, version=address/5.7.0)","timestamp":"2025-03-25T10:36:31.223Z"}
{"level":"info","message":"Querying Across API for suggested fees: token=0xB6fe221Fe9EeF5aBa221c348bA20A1Bf5e73624c, destinationChainId=42161, amount=4788257940327237267732633269755797138","timestamp":"2025-03-25T10:36:31.223Z"}
{"level":"error","message":"Error querying Across API: axios is not defined","timestamp":"2025-03-25T10:36:31.223Z"}
{"level":"info","message":"Using fallback fee amount: 23941289701636186.338663166348778985 ETH","timestamp":"2025-03-25T10:36:31.224Z"}
{"level":"error","message":"Failed to calculate profitability: invalid BigNumber value (argument=\"value\", value={\"feeAmount\":{\"type\":\"BigNumber\",\"hex\":\"0x049c658f38b57b5fd941deb9e25de9\"},\"relayerFeePct\":\"5000000000000000\",\"quoteTimestamp\":1742898991}, code=INVALID_ARGUMENT, version=bignumber/5.7.0)","timestamp":"2025-03-25T10:36:31.225Z"}
{"level":"info","message":"Arbitrage opportunity for rETH between base and arbitrum is not profitable","timestamp":"2025-03-25T10:36:31.225Z"}
{"level":"info","message":"Reason: Error: invalid BigNumber value (argument=\"value\", value={\"feeAmount\":{\"type\":\"BigNumber\",\"hex\":\"0x049c658f38b57b5fd941deb9e25de9\"},\"relayerFeePct\":\"5000000000000000\",\"quoteTimestamp\":1742898991}, code=INVALID_ARGUMENT, version=bignumber/5.7.0)","timestamp":"2025-03-25T10:36:31.225Z"}
{"level":"info","message":"rETH price difference between optimism (1.0370000000000001 ETH) and base (1.0390000000000001 ETH): 0.19%","timestamp":"2025-03-25T10:36:31.226Z"}
{"level":"info","message":"Checking cbETH for arbitrage opportunities","timestamp":"2025-03-25T10:36:31.226Z"}
{"level":"info","message":"Getting prices for cbETH across chains","timestamp":"2025-03-25T10:36:31.226Z"}
{"level":"info","message":"Getting price for token 0xBe9895146f7AF43049ca1c1AE358B0541Ea49704 on ethereum","timestamp":"2025-03-25T10:36:31.226Z"}
{"level":"info","message":"cbETH price on ethereum: 1.02 ETH / $3060","timestamp":"2025-03-25T10:36:31.227Z"}
{"level":"info","message":"Getting price for token 0x1DEBd73E752bEaF79865Fd6446b0c970EaE7732f on arbitrum","timestamp":"2025-03-25T10:36:31.227Z"}
{"level":"info","message":"cbETH price on arbitrum: 1.025 ETH / $3074.9999999999995","timestamp":"2025-03-25T10:36:31.227Z"}
{"level":"info","message":"Getting price for token 0xadDb6A0412DE1BA0F936DCaeb8Aaa24578dcF3B2 on optimism","timestamp":"2025-03-25T10:36:31.227Z"}
{"level":"info","message":"cbETH price on optimism: 1.0170000000000001 ETH / $3051.0000000000005","timestamp":"2025-03-25T10:36:31.227Z"}
{"level":"info","message":"Getting price for token 0x2Ae3F1Ec7F1F5012CFEab0185bfc7aa3cf0DEc22 on base","timestamp":"2025-03-25T10:36:31.228Z"}
{"level":"info","message":"cbETH price on base: 1.0190000000000001 ETH / $3057.0000000000005","timestamp":"2025-03-25T10:36:31.228Z"}
{"level":"info","message":"cbETH price difference between ethereum (1.02 ETH) and arbitrum (1.025 ETH): 0.49%","timestamp":"2025-03-25T10:36:31.228Z"}
{"level":"info","message":"cbETH price difference between ethereum (1.02 ETH) and optimism (1.0170000000000001 ETH): -0.29%","timestamp":"2025-03-25T10:36:31.228Z"}
{"level":"info","message":"cbETH price difference between ethereum (1.02 ETH) and base (1.0190000000000001 ETH): -0.10%","timestamp":"2025-03-25T10:36:31.231Z"}
{"level":"info","message":"cbETH price difference between arbitrum (1.025 ETH) and optimism (1.0170000000000001 ETH): -0.78%","timestamp":"2025-03-25T10:36:31.231Z"}
{"level":"info","message":"Calculating profitability for cbETH arbitrage between optimism and arbitrum","timestamp":"2025-03-25T10:36:31.232Z"}
{"level":"info","message":"Estimating gas cost for swap on optimism","timestamp":"2025-03-25T10:36:31.232Z"}
{"level":"info","message":"Getting best quote for 5000000000000000000000000000000000000 0x0000000000000000000000000000000000000000 to 0xadDb6A0412DE1BA0F936DCaeb8Aaa24578dcF3B2 on optimism","timestamp":"2025-03-25T10:36:31.232Z"}
{"level":"info","message":"Checking quotes from: uniswap, sushiswap, curve, balancer","timestamp":"2025-03-25T10:36:31.233Z"}
{"level":"info","message":"Getting Uniswap quote for 5000000000000000000000000000000000000 0x0000000000000000000000000000000000000000 to 0xadDb6A0412DE1BA0F936DCaeb8Aaa24578dcF3B2","timestamp":"2025-03-25T10:36:31.236Z"}
{"level":"error","message":"Failed to get Uniswap quote: No liquidity found on Uniswap for this token pair","timestamp":"2025-03-25T10:36:38.987Z"}
{"level":"warn","message":"Failed to get quote from uniswap: No liquidity found on Uniswap for this token pair","timestamp":"2025-03-25T10:36:38.987Z"}
{"level":"info","message":"Getting Sushiswap quote for 5000000000000000000000000000000000000 0x0000000000000000000000000000000000000000 to 0xadDb6A0412DE1BA0F936DCaeb8Aaa24578dcF3B2","timestamp":"2025-03-25T10:36:38.988Z"}
{"level":"error","message":"Failed to get Sushiswap quote: missing revert data in call exception; Transaction reverted without a reason string [ See: https://links.ethers.org/v5-errors-CALL_EXCEPTION ] (data=\"0x\", transaction={\"to\":\"0x1b02dA8Cb0d097eB8D57A175b88c7D8b47997506\",\"data\":\"0xd06ca61f0000000000000000000000000000000003c2f7086aed236c807a1b5000000000000000000000000000000000000000000000000000000000000000000000004000000000000000000000000000000000000000000000000000000000000000020000000000000000000000000000000000000000000000000000000000000000000000000000000000000000addb6a0412de1ba0f936dcaeb8aaa24578dcf3b2\",\"accessList\":null}, error={\"reason\":\"bad response\",\"code\":\"SERVER_ERROR\",\"status\":503,\"headers\":{\"content-length\":\"111\",\"content-type\":\"application/json\",\"date\":\"Tue, 25 Mar 2025 10:36:41 GMT\",\"set-cookie\":\"lb1=edge-proxyd-mainnet-proxyd-ankr-http; Path=/\",\"vary\":\"Origin\",\"x-proxyd-cache-status\":\"MISS\",\"via\":\"1.1 google\",\"alt-svc\":\"h3=\\\":443\\\"; ma=2592000,h3-29=\\\":443\\\"; ma=2592000\",\"connection\":\"close\"},\"body\":\"{\\\"jsonrpc\\\":\\\"2.0\\\",\\\"error\\\":{\\\"code\\\":-32011,\\\"message\\\":\\\"no backend is currently healthy to serve traffic\\\"},\\\"id\\\":66}\\n\",\"requestBody\":\"{\\\"method\\\":\\\"eth_call\\\",\\\"params\\\":[{\\\"to\\\":\\\"0x1b02da8cb0d097eb8d57a175b88c7d8b47997506\\\",\\\"data\\\":\\\"0xd06ca61f0000000000000000000000000000000003c2f7086aed236c807a1b5000000000000000000000000000000000000000000000000000000000000000000000004000000000000000000000000000000000000000000000000000000000000000020000000000000000000000000000000000000000000000000000000000000000000000000000000000000000addb6a0412de1ba0f936dcaeb8aaa24578dcf3b2\\\"},\\\"latest\\\"],\\\"id\\\":66,\\\"jsonrpc\\\":\\\"2.0\\\"}\",\"requestMethod\":\"POST\",\"url\":\"https://mainnet.optimism.io\"}, code=CALL_EXCEPTION, version=providers/5.7.2)","timestamp":"2025-03-25T10:36:41.899Z"}
{"level":"warn","message":"Failed to get quote from sushiswap: missing revert data in call exception; Transaction reverted without a reason string [ See: https://links.ethers.org/v5-errors-CALL_EXCEPTION ] (data=\"0x\", transaction={\"to\":\"0x1b02dA8Cb0d097eB8D57A175b88c7D8b47997506\",\"data\":\"0xd06ca61f0000000000000000000000000000000003c2f7086aed236c807a1b5000000000000000000000000000000000000000000000000000000000000000000000004000000000000000000000000000000000000000000000000000000000000000020000000000000000000000000000000000000000000000000000000000000000000000000000000000000000addb6a0412de1ba0f936dcaeb8aaa24578dcf3b2\",\"accessList\":null}, error={\"reason\":\"bad response\",\"code\":\"SERVER_ERROR\",\"status\":503,\"headers\":{\"content-length\":\"111\",\"content-type\":\"application/json\",\"date\":\"Tue, 25 Mar 2025 10:36:41 GMT\",\"set-cookie\":\"lb1=edge-proxyd-mainnet-proxyd-ankr-http; Path=/\",\"vary\":\"Origin\",\"x-proxyd-cache-status\":\"MISS\",\"via\":\"1.1 google\",\"alt-svc\":\"h3=\\\":443\\\"; ma=2592000,h3-29=\\\":443\\\"; ma=2592000\",\"connection\":\"close\"},\"body\":\"{\\\"jsonrpc\\\":\\\"2.0\\\",\\\"error\\\":{\\\"code\\\":-32011,\\\"message\\\":\\\"no backend is currently healthy to serve traffic\\\"},\\\"id\\\":66}\\n\",\"requestBody\":\"{\\\"method\\\":\\\"eth_call\\\",\\\"params\\\":[{\\\"to\\\":\\\"0x1b02da8cb0d097eb8d57a175b88c7d8b47997506\\\",\\\"data\\\":\\\"0xd06ca61f0000000000000000000000000000000003c2f7086aed236c807a1b5000000000000000000000000000000000000000000000000000000000000000000000004000000000000000000000000000000000000000000000000000000000000000020000000000000000000000000000000000000000000000000000000000000000000000000000000000000000addb6a0412de1ba0f936dcaeb8aaa24578dcf3b2\\\"},\\\"latest\\\"],\\\"id\\\":66,\\\"jsonrpc\\\":\\\"2.0\\\"}\",\"requestMethod\":\"POST\",\"url\":\"https://mainnet.optimism.io\"}, code=CALL_EXCEPTION, version=providers/5.7.2)","timestamp":"2025-03-25T10:36:41.900Z"}
{"level":"warn","message":"Failed to get quote from curve: Curve connector not implemented yet","timestamp":"2025-03-25T10:36:41.901Z"}
{"level":"warn","message":"Failed to get quote from balancer: Balancer connector not implemented yet","timestamp":"2025-03-25T10:36:41.901Z"}
{"level":"error","message":"Failed to get best quote: No quotes available from any exchange","timestamp":"2025-03-25T10:36:41.901Z"}
{"level":"error","message":"Failed to estimate swap gas cost: No quotes available from any exchange","timestamp":"2025-03-25T10:36:41.901Z"}
{"level":"info","message":"Estimating bridge fee from optimism to arbitrum for token 0xadDb6A0412DE1BA0F936DCaeb8Aaa24578dcF3B2","timestamp":"2025-03-25T10:36:41.901Z"}
{"level":"warn","message":"Failed to get Socket Protocol fees, trying Across: bad address checksum (argument=\"address\", value=\"0x6FFe4516CABB731DE61E31fB3bcd6fF8740d9d98\", code=INVALID_ARGUMENT, version=address/5.7.0)","timestamp":"2025-03-25T10:36:41.902Z"}
{"level":"info","message":"Querying Across API for suggested fees: token=0xadDb6A0412DE1BA0F936DCaeb8Aaa24578dcF3B2, destinationChainId=42161, amount=4891838741396263039150566234389081696","timestamp":"2025-03-25T10:36:41.902Z"}
{"level":"error","message":"Error querying Across API: axios is not defined","timestamp":"2025-03-25T10:36:41.903Z"}
{"level":"info","message":"Using fallback fee amount: 24459193706981315.195752831171945408 ETH","timestamp":"2025-03-25T10:36:41.903Z"}
{"level":"error","message":"Failed to calculate profitability: invalid BigNumber value (argument=\"value\", value={\"feeAmount\":{\"type\":\"BigNumber\",\"hex\":\"0x04b5ee6d51180e06581ba86af3e3c0\"},\"relayerFeePct\":\"5000000000000000\",\"quoteTimestamp\":1742899001}, code=INVALID_ARGUMENT, version=bignumber/5.7.0)","timestamp":"2025-03-25T10:36:41.903Z"}
{"level":"info","message":"Arbitrage opportunity for cbETH between optimism and arbitrum is not profitable","timestamp":"2025-03-25T10:36:41.903Z"}
{"level":"info","message":"Reason: Error: invalid BigNumber value (argument=\"value\", value={\"feeAmount\":{\"type\":\"BigNumber\",\"hex\":\"0x04b5ee6d51180e06581ba86af3e3c0\"},\"relayerFeePct\":\"5000000000000000\",\"quoteTimestamp\":1742899001}, code=INVALID_ARGUMENT, version=bignumber/5.7.0)","timestamp":"2025-03-25T10:36:41.903Z"}
{"level":"info","message":"cbETH price difference between arbitrum (1.025 ETH) and base (1.0190000000000001 ETH): -0.59%","timestamp":"2025-03-25T10:36:41.903Z"}
{"level":"info","message":"Calculating profitability for cbETH arbitrage between base and arbitrum","timestamp":"2025-03-25T10:36:41.903Z"}
{"level":"info","message":"Estimating gas cost for swap on base","timestamp":"2025-03-25T10:36:41.903Z"}
{"level":"info","message":"Getting best quote for 5000000000000000000000000000000000000 0x0000000000000000000000000000000000000000 to 0x2Ae3F1Ec7F1F5012CFEab0185bfc7aa3cf0DEc22 on base","timestamp":"2025-03-25T10:36:41.903Z"}
{"level":"info","message":"Checking quotes from: uniswap, sushiswap, curve, balancer","timestamp":"2025-03-25T10:36:41.903Z"}
{"level":"info","message":"Getting Uniswap quote for 5000000000000000000000000000000000000 0x0000000000000000000000000000000000000000 to 0x2Ae3F1Ec7F1F5012CFEab0185bfc7aa3cf0DEc22","timestamp":"2025-03-25T10:36:41.904Z"}
{"level":"error","message":"Failed to get Uniswap quote: No liquidity found on Uniswap for this token pair","timestamp":"2025-03-25T10:36:44.131Z"}
{"level":"warn","message":"Failed to get quote from uniswap: No liquidity found on Uniswap for this token pair","timestamp":"2025-03-25T10:36:44.131Z"}
{"level":"info","message":"Getting Sushiswap quote for 5000000000000000000000000000000000000 0x0000000000000000000000000000000000000000 to 0x2Ae3F1Ec7F1F5012CFEab0185bfc7aa3cf0DEc22","timestamp":"2025-03-25T10:36:44.135Z"}
